Wed Oct 25 20:04:23 CDT 2017  [debug] AvalonLogSystem initialized using logfile 'F:\workspace\gis\.metadata\.plugins\com.genuitec.eclipse.templates\velocity.log'
Wed Oct 25 20:04:23 CDT 2017   [info] ************************************************************** 
Wed Oct 25 20:04:23 CDT 2017   [info] Starting Jakarta Velocity v1.4
Wed Oct 25 20:04:23 CDT 2017   [info] RuntimeInstance initializing.
Wed Oct 25 20:04:23 CDT 2017   [info] Default Properties File: org\apache\velocity\runtime\defaults\velocity.properties
Wed Oct 25 20:04:23 CDT 2017   [info] Trying to use logger class org.apache.velocity.runtime.log.AvalonLogSystem
Wed Oct 25 20:04:23 CDT 2017   [info] Using logger class org.apache.velocity.runtime.log.AvalonLogSystem
Wed Oct 25 20:04:23 CDT 2017   [info] Default ResourceManager initializing. (class org.apache.velocity.runtime.resource.ResourceManagerImpl)
Wed Oct 25 20:04:23 CDT 2017   [info] Resource Loader Instantiated: com.genuitec.eclipse.templates.internal.PluginResourceLoader
Wed Oct 25 20:04:23 CDT 2017   [info] ResourceCache : initialized. (class org.apache.velocity.runtime.resource.ResourceCacheImpl)
Wed Oct 25 20:04:23 CDT 2017   [info] Default ResourceManager initialization complete.
Wed Oct 25 20:04:23 CDT 2017   [info] Loaded System Directive: org.apache.velocity.runtime.directive.Literal
Wed Oct 25 20:04:23 CDT 2017   [info] Loaded System Directive: org.apache.velocity.runtime.directive.Macro
Wed Oct 25 20:04:23 CDT 2017   [info] Loaded System Directive: org.apache.velocity.runtime.directive.Parse
Wed Oct 25 20:04:23 CDT 2017   [info] Loaded System Directive: org.apache.velocity.runtime.directive.Include
Wed Oct 25 20:04:23 CDT 2017   [info] Loaded System Directive: org.apache.velocity.runtime.directive.Foreach
Wed Oct 25 20:04:23 CDT 2017   [info] Created: 20 parsers.
Wed Oct 25 20:04:23 CDT 2017   [info] Velocimacro : initialization starting.
Wed Oct 25 20:04:23 CDT 2017   [info] Velocimacro : adding VMs from VM library template : VM_global_library.vm
Wed Oct 25 20:04:23 CDT 2017   [info] ResourceManager : found VM_global_library.vm with loader com.genuitec.eclipse.templates.internal.PluginResourceLoader
Wed Oct 25 20:04:23 CDT 2017   [info] Velocimacro :  VM library template macro registration complete.
Wed Oct 25 20:04:23 CDT 2017   [info] Velocimacro : allowInline = true : VMs can be defined inline in templates
Wed Oct 25 20:04:23 CDT 2017   [info] Velocimacro : allowInlineToOverride = true : VMs defined inline may replace previous VM definitions
Wed Oct 25 20:04:23 CDT 2017   [info] Velocimacro : allowInlineLocal = true : VMs defined inline will be local to their defining template only.
Wed Oct 25 20:04:23 CDT 2017   [info] Velocimacro : messages on  : VM system will output logging messages
Wed Oct 25 20:04:23 CDT 2017   [info] Velocimacro : autoload off  : VM system will not automatically reload global library macros
Wed Oct 25 20:04:23 CDT 2017   [info] Velocimacro : initialization complete.
Wed Oct 25 20:04:23 CDT 2017   [info] Velocity successfully started.
Wed Oct 25 20:04:23 CDT 2017   [info] ResourceManager : found templates/jsp/Jsp.vtl with loader com.genuitec.eclipse.templates.internal.PluginResourceLoader
Wed Oct 25 20:04:23 CDT 2017   [info] ResourceManager : found templates/jsp/JSPMetaTags.vtl with loader com.genuitec.eclipse.templates.internal.PluginResourceLoader
Wed Oct 25 20:12:38 CDT 2017   [info] ResourceManager : found templates/jsp/Jsp.vtl with loader com.genuitec.eclipse.templates.internal.PluginResourceLoader
Wed Oct 25 20:12:38 CDT 2017   [info] ResourceManager : found templates/jsp/JSPMetaTags.vtl with loader com.genuitec.eclipse.templates.internal.PluginResourceLoader
Wed Oct 25 20:15:07 CDT 2017   [info] ResourceManager : found templates/jsp/Jsp.vtl with loader com.genuitec.eclipse.templates.internal.PluginResourceLoader
Wed Oct 25 20:15:07 CDT 2017   [info] ResourceManager : found templates/jsp/JSPMetaTags.vtl with loader com.genuitec.eclipse.templates.internal.PluginResourceLoader
Wed Oct 25 20:51:38 CDT 2017   [info] ResourceManager : found templates/jsp/Jsp.vtl with loader com.genuitec.eclipse.templates.internal.PluginResourceLoader
Wed Oct 25 20:51:38 CDT 2017   [info] ResourceManager : found templates/jsp/JSPMetaTags.vtl with loader com.genuitec.eclipse.templates.internal.PluginResourceLoader
